yarn run v1.22.22
$ next build
  ▲ Next.js 14.2.28
  - Environments: .env
  - Experiments (use with caution):
    · outputFileTracingRoot

   Creating an optimized production build ...
 ✓ Compiled successfully
   Skipping linting
   Checking validity of types ...
   Collecting page data ...
   Generating static pages (0/7) ...
   Generating static pages (1/7) 
   Generating static pages (3/7) 
   Generating static pages (5/7) 
 ✓ Generating static pages (7/7)
   Finalizing page optimization ...
   Collecting build traces ...

Route (app)                              Size     First Load JS
┌ ○ /                                    3.74 kB         138 kB
├ ○ /_not-found                          871 B            88 kB
├ ○ /pilgrim-info                        7.98 kB         136 kB
├ ○ /temples                             3.92 kB         138 kB
├ ƒ /temples/[id]                        9.58 kB         144 kB
└ ○ /travel-planning                     6.29 kB         141 kB
+ First Load JS shared by all            87.1 kB
  ├ chunks/275-733e71857297f035.js       31.6 kB
  ├ chunks/a0b5f63a-5d663b83920d995e.js  53.6 kB
  └ other shared chunks (total)          1.89 kB


○  (Static)   prerendered as static content
ƒ  (Dynamic)  server-rendered on demand

Done in 15.61s.
