yarn run v1.22.22
$ next build
  ▲ Next.js 14.2.28
  - Environments: .env
  - Experiments (use with caution):
    · outputFileTracingRoot

   Creating an optimized production build ...
 ✓ Compiled successfully
   Skipping linting
   Checking validity of types ...
   Collecting page data ...
   Generating static pages (0/27) ...
   Generating static pages (6/27) 
   Generating static pages (13/27) 
   Generating static pages (20/27) 
 ✓ Generating static pages (27/27)
   Finalizing page optimization ...
   Collecting build traces ...

Route (app)                              Size     First Load JS
┌ ƒ /                                    136 B          87.4 kB
├ ƒ /_not-found                          871 B          88.1 kB
├ ● /[lng]                               4.75 kB         154 kB
├   ├ /en
├   ├ /hi
├   └ /ta
├ ● /[lng]/bookmarks                     2.78 kB         152 kB
├   ├ /en/bookmarks
├   ├ /hi/bookmarks
├   └ /ta/bookmarks
├ ● /[lng]/pilgrim-info                  8.3 kB          153 kB
├   ├ /en/pilgrim-info
├   ├ /hi/pilgrim-info
├   └ /ta/pilgrim-info
├ ● /[lng]/search                        4.21 kB         154 kB
├   ├ /en/search
├   ├ /hi/search
├   └ /ta/search
├ ● /[lng]/temples                       5.26 kB         155 kB
├   ├ /en/temples
├   ├ /hi/temples
├   └ /ta/temples
├ ƒ /[lng]/temples/[id]                  9.59 kB         159 kB
├ ● /[lng]/travel-planning               7.52 kB         157 kB
├   ├ /en/travel-planning
├   ├ /hi/travel-planning
├   └ /ta/travel-planning
├ ƒ /bookmarks                           2.46 kB         136 kB
├ ƒ /pilgrim-info                        7.98 kB         136 kB
├ ƒ /search                              3.72 kB         137 kB
├ ƒ /temples                             4.87 kB         138 kB
├ ƒ /temples/[id]                        10.5 kB         144 kB
└ ƒ /travel-planning                     7.28 kB         141 kB
+ First Load JS shared by all            87.2 kB
  ├ chunks/275-ba9c993a4da43611.js       31.6 kB
  ├ chunks/a0b5f63a-5d663b83920d995e.js  53.6 kB
  └ other shared chunks (total)          1.99 kB


ƒ Middleware                             28.2 kB

●  (SSG)      prerendered as static HTML (uses getStaticProps)
ƒ  (Dynamic)  server-rendered on demand

Done in 18.17s.
