yarn run v1.22.22
$ next build
  ▲ Next.js 14.2.28
  - Environments: .env
  - Experiments (use with caution):
    · outputFileTracingRoot

   Creating an optimized production build ...
 ✓ Compiled successfully
   Skipping linting
   Checking validity of types ...
   Collecting page data ...
   Generating static pages (0/9) ...
   Generating static pages (2/9) 
   Generating static pages (4/9) 
   Generating static pages (6/9) 
 ✓ Generating static pages (9/9)
   Finalizing page optimization ...
   Collecting build traces ...

Route (app)                              Size     First Load JS
┌ ○ /                                    4.7 kB          138 kB
├ ○ /_not-found                          871 B            88 kB
├ ○ /bookmarks                           2.46 kB         136 kB
├ ○ /pilgrim-info                        7.98 kB         136 kB
├ ○ /search                              3.72 kB         137 kB
├ ○ /temples                             4.87 kB         138 kB
├ ƒ /temples/[id]                        10.5 kB         144 kB
└ ○ /travel-planning                     7.27 kB         141 kB
+ First Load JS shared by all            87.1 kB
  ├ chunks/275-ba9c993a4da43611.js       31.6 kB
  ├ chunks/a0b5f63a-5d663b83920d995e.js  53.6 kB
  └ other shared chunks (total)          1.89 kB


○  (Static)   prerendered as static content
ƒ  (Dynamic)  server-rendered on demand

Done in 16.06s.
