 тип ./app/i18n/client.ts:3:1
Module not found: Can't resolve 'i18next'
[0m [90m 1 |[39m [32m'use client'[39m[0m
[0m [90m 2 |[39m[0m
[0m[31m[1m>[22m[39m[90m 3 |[39m [36mimport[39m i18next [36mfrom[39m [32m'i18next'[39m[0m
[0m [90m   |[39m [31m[1m^[22m[39m[0m
[0m [90m 4 |[39m [36mimport[39m { initReactI18next[33m,[39m useTranslation [36mas[39m useTranslationOrg } [36mfrom[39m [32m'react-i18next'[39m[0m
[0m [90m 5 |[39m [36mimport[39m resourcesToBackend [36mfrom[39m [32m'i18next-resources-to-backend'[39m[0m
[0m [90m 6 |[39m [36mimport[39m { getOptions } [36mfrom[39m [32m'./settings'[39m[0m

https://nextjs.org/docs/messages/module-not-found

Import trace for requested module:
./components/header.tsx
 тип ./app/i18n/client.ts:3:1
Module not found: Can't resolve 'i18next'
[0m [90m 1 |[39m [32m'use client'[39m[0m
[0m [90m 2 |[39m[0m
[0m[31m[1m>[22m[39m[90m 3 |[39m [36mimport[39m i18next [36mfrom[39m [32m'i18next'[39m[0m
[0m [90m   |[39m [31m[1m^[22m[39m[0m
[0m [90m 4 |[39m [36mimport[39m { initReactI18next[33m,[39m useTranslation [36mas[39m useTranslationOrg } [36mfrom[39m [32m'react-i18next'[39m[0m
[0m [90m 5 |[39m [36mimport[39m resourcesToBackend [36mfrom[39m [32m'i18next-resources-to-backend'[39m[0m
[0m [90m 6 |[39m [36mimport[39m { getOptions } [36mfrom[39m [32m'./settings'[39m[0m

https://nextjs.org/docs/messages/module-not-found

Import trace for requested module:
./components/header.tsx
 тип ./app/i18n/client.ts:3:1
Module not found: Can't resolve 'i18next'
[0m [90m 1 |[39m [32m'use client'[39m[0m
[0m [90m 2 |[39m[0m
[0m[31m[1m>[22m[39m[90m 3 |[39m [36mimport[39m i18next [36mfrom[39m [32m'i18next'[39m[0m
[0m [90m   |[39m [31m[1m^[22m[39m[0m
[0m [90m 4 |[39m [36mimport[39m { initReactI18next[33m,[39m useTranslation [36mas[39m useTranslationOrg } [36mfrom[39m [32m'react-i18next'[39m[0m
[0m [90m 5 |[39m [36mimport[39m resourcesToBackend [36mfrom[39m [32m'i18next-resources-to-backend'[39m[0m
[0m [90m 6 |[39m [36mimport[39m { getOptions } [36mfrom[39m [32m'./settings'[39m[0m

https://nextjs.org/docs/messages/module-not-found

Import trace for requested module:
./components/header.tsx
 тип ./app/i18n/client.ts:3:1
Module not found: Can't resolve 'i18next'
[0m [90m 1 |[39m [32m'use client'[39m[0m
[0m [90m 2 |[39m[0m
[0m[31m[1m>[22m[39m[90m 3 |[39m [36mimport[39m i18next [36mfrom[39m [32m'i18next'[39m[0m
[0m [90m   |[39m [31m[1m^[22m[39m[0m
[0m [90m 4 |[39m [36mimport[39m { initReactI18next[33m,[39m useTranslation [36mas[39m useTranslationOrg } [36mfrom[39m [32m'react-i18next'[39m[0m
[0m [90m 5 |[39m [36mimport[39m resourcesToBackend [36mfrom[39m [32m'i18next-resources-to-backend'[39m[0m
[0m [90m 6 |[39m [36mimport[39m { getOptions } [36mfrom[39m [32m'./settings'[39m[0m

https://nextjs.org/docs/messages/module-not-found

Import trace for requested module:
./components/header.tsx
 тип ./app/i18n/client.ts:3:1
Module not found: Can't resolve 'i18next'
[0m [90m 1 |[39m [32m'use client'[39m[0m
[0m [90m 2 |[39m[0m
[0m[31m[1m>[22m[39m[90m 3 |[39m [36mimport[39m i18next [36mfrom[39m [32m'i18next'[39m[0m
[0m [90m   |[39m [31m[1m^[22m[39m[0m
[0m [90m 4 |[39m [36mimport[39m { initReactI18next[33m,[39m useTranslation [36mas[39m useTranslationOrg } [36mfrom[39m [32m'react-i18next'[39m[0m
[0m [90m 5 |[39m [36mimport[39m resourcesToBackend [36mfrom[39m [32m'i18next-resources-to-backend'[39m[0m
[0m [90m 6 |[39m [36mimport[39m { getOptions } [36mfrom[39m [32m'./settings'[39m[0m

https://nextjs.org/docs/messages/module-not-found

Import trace for requested module:
./components/header.tsx
