yarn run v1.22.22
$ next dev
  ▲ Next.js 14.2.28
  - Local:        http://localhost:3000
  - Environments: .env
  - Experiments (use with caution):
    · outputFileTracingRoot

 ✓ Starting...
 ✓ Ready in 3.7s
 ○ Compiling /middleware ...
 ✓ Compiled /middleware in 680ms (75 modules)
 ○ Compiling /[lng] ...
 ✓ Compiled /[lng] in 6.4s (1296 modules)
 HEAD /en 200 in 7033ms
 ✓ Compiled in 1094ms (624 modules)
 GET /en 200 in 7507ms
 ○ Compiling /[lng]/travel-planning ...
 ✓ Compiled /[lng]/travel-planning in 5.3s (1281 modules)
 HEAD /en 200 in 5606ms
 ○ Compiling /[lng]/temples ...
 HEAD /en/travel-planning 200 in 6212ms
 ✓ Compiled /[lng]/temples in 717ms (1292 modules)
 HEAD /en/travel-planning 200 in 341ms
 HEAD /en/travel-planning 200 in 94ms
 HEAD /en/travel-planning 200 in 65ms
 HEAD /en/temples 200 in 1321ms
 HEAD /en/temples 200 in 189ms
 ○ Compiling /[lng]/pilgrim-info ...
 ✓ Compiled /[lng]/pilgrim-info in 1004ms (1319 modules)
 HEAD /en 200 in 1182ms
 HEAD /en/pilgrim-info 200 in 1582ms
 HEAD /en/pilgrim-info 200 in 390ms
 ✓ Compiled /[lng]/bookmarks in 448ms (1330 modules)
 HEAD /en/bookmarks 200 in 934ms
 HEAD /en/bookmarks 200 in 943ms
 ○ Compiling /[lng]/search ...
 ✓ Compiled /[lng]/search in 1518ms (1354 modules)
 HEAD /en/temples/somnath 200 in 2132ms
 HEAD /en/search 200 in 2160ms
 HEAD /en/temples/mallikarjuna 200 in 79ms
 HEAD /en/temples/mallikarjuna 200 in 102ms
 HEAD /en/temples/mahakaleshwar 200 in 79ms
 HEAD /en/temples/mahakaleshwar 200 in 98ms
 HEAD /en/temples/omkareshwar 200 in 59ms
 HEAD /en/temples/omkareshwar 200 in 72ms
 GET /en/travel-planning 200 in 1412ms
 GET /en/temples 200 in 1416ms
 GET /en 200 in 1418ms
 GET /en/bookmarks 200 in 1401ms
 GET /en/pilgrim-info 200 in 1386ms
 GET /en/search 200 in 1386ms
 GET /en/travel-planning 200 in 1364ms
 GET /en/travel-planning 200 in 1364ms
 GET /en/travel-planning 200 in 1347ms
 GET /en/temples/mallikarjuna 200 in 1368ms
 GET /en/temples/mahakaleshwar 200 in 1367ms
 GET /en/temples/omkareshwar 200 in 1367ms
 GET /en/temples/somnath 200 in 1355ms
 HEAD /en/temples/kedarnath 200 in 59ms
 HEAD /en/temples/trimbakeshwar 200 in 62ms
 HEAD /en/temples/bhimashankar 200 in 59ms
 HEAD /en/temples/vaidyanath 200 in 62ms
 HEAD /en/temples/kashi-vishwanath 200 in 68ms
 HEAD /en/temples/nageshwar 200 in 72ms
 HEAD /en/temples/rameshwaram 200 in 33ms
 HEAD /en/temples/grishneshwar 200 in 30ms
 GET /en/temples/kedarnath 200 in 180ms
 GET /en/temples/nageshwar 200 in 180ms
 GET /en/temples/kashi-vishwanath 200 in 180ms
 GET /en/temples/vaidyanath 200 in 180ms
 GET /en/temples/grishneshwar 200 in 181ms
 GET /en/temples/trimbakeshwar 200 in 180ms
 GET /en/temples/bhimashankar 200 in 181ms
 GET /en/temples/rameshwaram 200 in 181ms
 GET /en 200 in 112ms
 GET /en 200 in 72ms
 GET /en 200 in 77ms
 GET /en 200 in 83ms
 GET /en 200 in 73ms
