*   Trying 127.0.0.1:3000...
  % Total    % Received % Xferd  Average Speed   Time    Time     Time  Current
                                 Dload  Upload   Total   Spent    Left  Speed
  0     0    0     0    0     0      0      0 --:--:-- --:--:-- --:--:--     0* Connected to localhost (127.0.0.1) port 3000 (#0)
> HEAD / HTTP/1.1
> Host: localhost:3000
> User-Agent: curl/7.81.0
> Accept: */*
> 
  0     0    0     0    0     0      0      0 --:--:--  0:00:01 --:--:--     0  0     0    0     0    0     0      0      0 --:--:--  0:00:02 --:--:--     0* Mark bundle as not supporting multiuse
< HTTP/1.1 307 Temporary Redirect
< location: /en/
< Date: Sun, 25 May 2025 07:25:21 GMT
< Connection: keep-alive
< Keep-Alive: timeout=5
< 
  0     0    0     0    0     0      0      0 --:--:--  0:00:03 --:--:--     0  0     0    0     0    0     0      0      0 --:--:--  0:00:03 --:--:--     0
* Connection #0 to host localhost left intact
* Issue another request to this URL: 'http://localhost:3000/en/'
* Found bundle for host localhost: 0x55768e564b50 [serially]
* Can not multiplex, even if we wanted to!
* Re-using existing connection! (#0) with host localhost
* Connected to localhost (127.0.0.1) port 3000 (#0)
> HEAD /en/ HTTP/1.1
> Host: localhost:3000
> User-Agent: curl/7.81.0
> Accept: */*
> 
* Mark bundle as not supporting multiuse
< HTTP/1.1 308 Permanent Redirect
< location: /en
< Refresh: 0;url=/en
< Date: Sun, 25 May 2025 07:25:22 GMT
< Connection: keep-alive
< Keep-Alive: timeout=5
< 
  0     0    0     0    0     0      0      0 --:--:--  0:00:03 --:--:--     0
* Connection #0 to host localhost left intact
* Issue another request to this URL: 'http://localhost:3000/en'
* Found bundle for host localhost: 0x55768e564b50 [serially]
* Can not multiplex, even if we wanted to!
* Re-using existing connection! (#0) with host localhost
* Connected to localhost (127.0.0.1) port 3000 (#0)
> HEAD /en HTTP/1.1
> Host: localhost:3000
> User-Agent: curl/7.81.0
> Accept: */*
> 
  0     0    0     0    0     0      0      0 --:--:--  0:00:04 --:--:--     0  0     0    0     0    0     0      0      0 --:--:--  0:00:05 --:--:--     0  0     0    0     0    0     0      0      0 --:--:--  0:00:06 --:--:--     0  0     0    0     0    0     0      0      0 --:--:--  0:00:07 --:--:--     0  0     0    0     0    0     0      0      0 --:--:--  0:00:08 --:--:--     0  0     0    0     0    0     0      0      0 --:--:--  0:00:09 --:--:--     0* Operation timed out after 6887 milliseconds with 0 bytes received
  0     0    0     0    0     0      0      0 --:--:--  0:00:10 --:--:--     0
* Closing connection 0
curl: (28) Operation timed out after 6887 milliseconds with 0 bytes received
