yarn run v1.22.22
$ next build
Attention: Next.js now collects completely anonymous telemetry regarding usage.
This information is used to shape Next.js' roadmap and prioritize features.
You can learn more, including how to opt-out if you'd not like to participate in this anonymous program, by visiting the following URL:
https://nextjs.org/telemetry

  ▲ Next.js 14.2.28
  - Experiments (use with caution):
    · outputFileTracingRoot

   Creating an optimized production build ...
 ✓ Compiled successfully
   Skipping linting
   Checking validity of types ...
   Collecting page data ...
   Generating static pages (0/27) ...
   Generating static pages (6/27) 
   Generating static pages (13/27) 
   Generating static pages (20/27) 
 ✓ Generating static pages (27/27)
   Finalizing page optimization ...
   Collecting build traces ...

Route (app)                              Size     First Load JS
┌ ƒ /                                    138 B          87.3 kB
├ ƒ /_not-found                          873 B          88.1 kB
├ ● /[lng]                               4.75 kB         154 kB
├   ├ /en
├   ├ /hi
├   └ /ta
├ ● /[lng]/bookmarks                     2.78 kB         152 kB
├   ├ /en/bookmarks
├   ├ /hi/bookmarks
├   └ /ta/bookmarks
├ ● /[lng]/pilgrim-info                  8.3 kB          153 kB
├   ├ /en/pilgrim-info
├   ├ /hi/pilgrim-info
├   └ /ta/pilgrim-info
├ ● /[lng]/search                        4.21 kB         154 kB
├   ├ /en/search
├   ├ /hi/search
├   └ /ta/search
├ ● /[lng]/temples                       5.26 kB         155 kB
├   ├ /en/temples
├   ├ /hi/temples
├   └ /ta/temples
├ ƒ /[lng]/temples/[id]                  9.58 kB         159 kB
├ ● /[lng]/travel-planning               7.53 kB         157 kB
├   ├ /en/travel-planning
├   ├ /hi/travel-planning
├   └ /ta/travel-planning
├ ƒ /bookmarks                           2.46 kB         136 kB
├ ƒ /pilgrim-info                        7.98 kB         136 kB
├ ƒ /search                              3.72 kB         137 kB
├ ƒ /temples                             4.87 kB         138 kB
├ ƒ /temples/[id]                        10.5 kB         144 kB
└ ƒ /travel-planning                     7.29 kB         141 kB
+ First Load JS shared by all            87.2 kB
  ├ chunks/364-e31d76e72a47a7be.js       31.6 kB
  ├ chunks/618f8807-47e100f57b19a9cb.js  53.6 kB
  └ other shared chunks (total)          1.99 kB


ƒ Middleware                             28.2 kB

●  (SSG)      prerendered as static HTML (uses getStaticProps)
ƒ  (Dynamic)  server-rendered on demand

Done in 47.27s.
