*   Trying 127.0.0.1:3000...
  % Total    % Received % Xferd  Average Speed   Time    Time     Time  Current
                                 Dload  Upload   Total   Spent    Left  Speed
  0     0    0     0    0     0      0      0 --:--:-- --:--:-- --:--:--     0* Connected to localhost (127.0.0.1) port 3000 (#0)
> HEAD / HTTP/1.1
> Host: localhost:3000
> User-Agent: curl/7.81.0
> Accept: */*
> 
  0     0    0     0    0     0      0      0 --:--:-- --:--:-- --:--:--     0  0     0    0     0    0     0      0      0 --:--:--  0:00:01 --:--:--     0* Mark bundle as not supporting multiuse
< HTTP/1.1 307 Temporary Redirect
< location: /en/
< Date: Sun, 25 May 2025 07:14:33 GMT
< Connection: keep-alive
< Keep-Alive: timeout=5
< 
  0     0    0     0    0     0      0      0 --:--:--  0:00:01 --:--:--     0
* Connection #0 to host localhost left intact
* Issue another request to this URL: 'http://localhost:3000/en/'
* Found bundle for host localhost: 0x5649449b9b50 [serially]
* Can not multiplex, even if we wanted to!
* Re-using existing connection! (#0) with host localhost
* Connected to localhost (127.0.0.1) port 3000 (#0)
> HEAD /en/ HTTP/1.1
> Host: localhost:3000
> User-Agent: curl/7.81.0
> Accept: */*
> 
* Mark bundle as not supporting multiuse
< HTTP/1.1 308 Permanent Redirect
< location: /en
< Refresh: 0;url=/en
< Date: Sun, 25 May 2025 07:14:33 GMT
< Connection: keep-alive
< Keep-Alive: timeout=5
< 
  0     0    0     0    0     0      0      0 --:--:--  0:00:01 --:--:--     0
* Connection #0 to host localhost left intact
* Issue another request to this URL: 'http://localhost:3000/en'
* Found bundle for host localhost: 0x5649449b9b50 [serially]
* Can not multiplex, even if we wanted to!
* Re-using existing connection! (#0) with host localhost
* Connected to localhost (127.0.0.1) port 3000 (#0)
> HEAD /en HTTP/1.1
> Host: localhost:3000
> User-Agent: curl/7.81.0
> Accept: */*
> 
  0     0    0     0    0     0      0      0 --:--:--  0:00:02 --:--:--     0  0     0    0     0    0     0      0      0 --:--:--  0:00:03 --:--:--     0  0     0    0     0    0     0      0      0 --:--:--  0:00:04 --:--:--     0  0     0    0     0    0     0      0      0 --:--:--  0:00:06 --:--:--     0  0     0    0     0    0     0      0      0 --:--:--  0:00:07 --:--:--     0  0     0    0     0    0     0      0      0 --:--:--  0:00:08 --:--:--     0  0     0    0     0    0     0      0      0 --:--:--  0:00:09 --:--:--     0* Mark bundle as not supporting multiuse
< HTTP/1.1 200 OK
< Vary: RSC, Next-Router-State-Tree, Next-Router-Prefetch, Accept-Encoding
< link: </_next/static/media/a34f9d1faa5f3315-s.p.woff2>; rel=preload; as="font"; crossorigin=""; type="font/woff2"
< x-nextjs-cache: HIT
< Cache-Control: no-store, must-revalidate
< X-Powered-By: Next.js
< Content-Type: text/html; charset=utf-8
< Date: Sun, 25 May 2025 07:14:40 GMT
< Connection: keep-alive
< Keep-Alive: timeout=5
< 
  0     0    0     0    0     0      0      0 --:--:--  0:00:09 --:--:--     0  0     0    0     0    0     0      0      0 --:--:--  0:00:09 --:--:--     0
* Connection #0 to host localhost left intact
