yarn install v1.22.22
[1/4] Resolving packages...
success Already up-to-date.
Done in 0.48s.
Environment variables loaded from .env
Prisma schema loaded from prisma/schema.prisma

✔ Generated Prisma Client (v6.7.0) to ./../node_modules/.prisma/client in 131ms

Start by importing your Prisma Client (See: https://pris.ly/d/importing-client)

Help us improve the Prisma ORM for everyone. Share your feedback in a short 2-min survey: https://pris.ly/orm/survey/release-5-22

yarn run v1.22.22
$ next dev
  ▲ Next.js 14.2.28
  - Local:        http://localhost:3000
  - Environments: .env
  - Experiments (use with caution):
    · outputFileTracingRoot

 ✓ Starting...
 ✓ Ready in 2.1s
 ○ Compiling / ...
 ✓ Compiled / in 5.6s (1194 modules)
 GET / 200 in 6417ms
 ✓ Compiled in 838ms (593 modules)
 GET / 200 in 57ms
 GET / 200 in 90ms
 GET / 200 in 90ms
 ✓ Compiled in 744ms (593 modules)
 ✓ Compiled in 439ms (593 modules)
 ✓ Compiled in 400ms (593 modules)
 ✓ Compiled in 629ms (593 modules)
 ✓ Compiled in 602ms (593 modules)
 ✓ Compiled in 639ms (593 modules)
 ✓ Compiled in 464ms (593 modules)
 ✓ Compiled in 555ms (593 modules)
 ✓ Compiled in 1428ms (1253 modules)
 ✓ Compiled in 2.2s (479 modules)
 ✓ Compiled in 342ms (241 modules)
[?25h
