yarn run v1.22.22
$ next dev
  ▲ Next.js 14.2.28
  - Local:        http://localhost:3000
  - Environments: .env
  - Experiments (use with caution):
    · outputFileTracingRoot

 ✓ Starting...
 ✓ Ready in 2.4s
 ○ Compiling /middleware ...
 ✓ Compiled /middleware in 726ms (75 modules)
 ○ Compiling /[lng] ...
 ✓ Compiled /[lng] in 6.6s (1296 modules)
 HEAD /en 200 in 7584ms
 ✓ Compiled in 1025ms (624 modules)
 GET /en 200 in 5801ms
 HEAD /en 200 in 150ms
 ○ Compiling /_not-found ...
 ✓ Compiled /_not-found in 4.8s (1267 modules)
 HEAD /en/travel-planning 404 in 4886ms
 HEAD /en/temples 404 in 4577ms
 HEAD /en/travel-planning 404 in 21ms
 HEAD /en/travel-planning 404 in 22ms
 HEAD /en/travel-planning 404 in 17ms
 HEAD /en/pilgrim-info 404 in 18ms
 HEAD /en/bookmarks 404 in 12ms
 HEAD /en/search 404 in 10ms
 HEAD /en 200 in 262ms
 HEAD /en/temples/somnath 404 in 14ms
 HEAD /en/temples/somnath 404 in 12ms
 HEAD /en/temples/mallikarjuna 404 in 13ms
 HEAD /en/temples/mallikarjuna 404 in 12ms
 HEAD /en/temples/mahakaleshwar 404 in 12ms
 HEAD /en/temples/mahakaleshwar 404 in 11ms
 HEAD /en/temples/omkareshwar 404 in 12ms
 HEAD /en/temples/omkareshwar 404 in 11ms
 GET /en/temples 404 in 121ms
 GET /en/pilgrim-info 404 in 177ms
 GET /en/bookmarks 404 in 184ms
 GET /en/search 404 in 159ms
 GET /en/temples/mallikarjuna 404 in 158ms
 GET /en/temples/somnath 404 in 159ms
 GET /en/travel-planning 404 in 158ms
 GET /en/temples/mahakaleshwar 404 in 158ms
 GET /en/temples/omkareshwar 404 in 126ms
 GET /en/travel-planning 404 in 126ms
 GET /en/travel-planning 404 in 126ms
 GET /en/travel-planning 404 in 125ms
 GET /en 200 in 237ms
 ✓ Compiled in 556ms (626 modules)
 ✓ Compiled in 672ms (624 modules)
 ✓ Compiled in 464ms (624 modules)
 ✓ Compiled in 566ms (624 modules)
 ✓ Compiled in 412ms (624 modules)
 ✓ Compiled in 526ms (624 modules)
 ✓ Compiled in 395ms (624 modules)
 ✓ Compiled in 354ms (624 modules)
 ✓ Compiled in 338ms (624 modules)
 ✓ Compiled in 511ms (624 modules)
 ✓ Compiled in 539ms (624 modules)
 ✓ Compiled in 400ms (624 modules)
[?25h
