yarn run v1.22.22
$ next dev
  ▲ Next.js 14.2.28
  - Local:        http://localhost:3000
  - Environments: .env
  - Experiments (use with caution):
    · outputFileTracingRoot

 ✓ Starting...
 ✓ Ready in 2.7s
 ○ Compiling / ...
 ✓ Compiled / in 6.2s (1194 modules)
 HEAD / 200 in 6458ms
 GET / 200 in 5156ms
 ✓ Compiled in 827ms (593 modules)
 ○ Compiling /travel-planning ...
 ✓ Compiled /travel-planning in 2.5s (1187 modules)
 HEAD / 200 in 2629ms
 HEAD /travel-planning 200 in 2681ms
 ○ Compiling /temples ...
 ✓ Compiled /temples in 505ms (1197 modules)
 HEAD /temples 200 in 691ms
 HEAD /travel-planning 200 in 639ms
 HEAD /travel-planning 200 in 84ms
 HEAD /travel-planning 200 in 89ms
 ○ Compiling /pilgrim-info ...
 ✓ Compiled /pilgrim-info in 889ms (1223 modules)
 HEAD / 200 in 965ms
 HEAD /pilgrim-info 200 in 1035ms
 HEAD /pilgrim-info 200 in 115ms
 ✓ Compiled /bookmarks in 435ms (1233 modules)
 HEAD /bookmarks 200 in 474ms
 HEAD /bookmarks 200 in 530ms
 ○ Compiling /temples/[id] ...
 ✓ Compiled /temples/[id] in 827ms (1257 modules)
 HEAD /search 200 in 959ms
 HEAD /temples/somnath 200 in 1277ms
 HEAD /temples/somnath 200 in 319ms
 HEAD /temples/mallikarjuna 200 in 82ms
 HEAD /temples/mallikarjuna 200 in 86ms
 HEAD /temples/mahakaleshwar 200 in 72ms
 HEAD /temples/mahakaleshwar 200 in 76ms
 HEAD /temples/omkareshwar 200 in 74ms
 HEAD /temples/omkareshwar 200 in 77ms
 GET /temples 200 in 475ms
 GET /travel-planning 200 in 480ms
 GET / 200 in 481ms
 GET /pilgrim-info 200 in 480ms
 GET /bookmarks 200 in 479ms
 GET /search 200 in 479ms
 GET /temples/somnath 200 in 476ms
 GET /temples/mahakaleshwar 200 in 464ms
 GET /temples/mallikarjuna 200 in 463ms
 GET /temples/omkareshwar 200 in 459ms
 GET /travel-planning 200 in 464ms
 GET /travel-planning 200 in 458ms
 GET /travel-planning 200 in 460ms
 HEAD /temples/kedarnath 200 in 131ms
 HEAD /temples/kedarnath 200 in 129ms
 HEAD /temples/Not%20available 200 in 128ms
 HEAD /temples/trimbakeshwar 200 in 130ms
 HEAD /temples/kedarnath 200 in 139ms
 HEAD /temples/kedarnath 200 in 140ms
 HEAD /temples/trimbakeshwar 200 in 142ms
 HEAD /temples/kedarnath 200 in 185ms
 HEAD /temples/bhimashankar 200 in 81ms
 HEAD /temples/vaidyanath 200 in 71ms
 HEAD /temples/bhimashankar 200 in 66ms
 HEAD /temples/vaidyanath 200 in 63ms
 HEAD /temples/kashi-vishwanath 200 in 60ms
 HEAD /temples/nageshwar 200 in 62ms
 HEAD /temples/kashi-vishwanath 200 in 68ms
 HEAD /temples/nageshwar 200 in 69ms
 HEAD /temples/rameshwaram 200 in 51ms
 HEAD /temples/rameshwaram 200 in 49ms
 HEAD /temples/grishneshwar 200 in 35ms
 HEAD /temples/grishneshwar 200 in 36ms
 GET /temples/bhimashankar 200 in 186ms
 GET /temples/kashi-vishwanath 200 in 180ms
 GET /temples/kedarnath 200 in 187ms
 GET /temples/trimbakeshwar 200 in 175ms
 GET /temples/nageshwar 200 in 175ms
 GET /temples/rameshwaram 200 in 182ms
 GET /temples/vaidyanath 200 in 181ms
 GET /temples/Not%20available 200 in 181ms
 GET /temples/grishneshwar 200 in 180ms
 GET / 200 in 58ms
 GET / 200 in 58ms
 GET / 200 in 82ms
 GET / 200 in 74ms
 GET / 200 in 44ms
