 ⚠ Compiled with warnings

./app/pilgrim-info/page.tsx
Attempted import error: 'Wheelchair' is not exported from '__barrel_optimize__?names=AlertTriangle,ArrowRight,Bus,Calendar,CheckCircle2,Heart,Home,MapPin,Phone,Plane,Train,Users,Utensils,Wheelchair!=!lucide-react' (imported as 'Wheelchair').

Import trace for requested module:
./app/pilgrim-info/page.tsx

 ⚠ Compiled with warnings

./app/pilgrim-info/page.tsx
Attempted import error: 'Wheelchair' is not exported from '__barrel_optimize__?names=AlertTriangle,ArrowRight,Bus,Calendar,CheckCircle2,Heart,Home,MapPin,Phone,Plane,Train,Users,Utensils,Wheelchair!=!lucide-react' (imported as 'Wheelchair').

Import trace for requested module:
./app/pilgrim-info/page.tsx



===== TS errors =====

[Test Mode] ./app/pilgrim-info/page.tsx:15:3
Type error: Module '"lucide-react"' has no exported member 'Wheelchair'.

[0m [90m 13 |[39m   [33mHome[39m[33m,[39m [0m
[0m [90m 14 |[39m   [33mUtensils[39m[33m,[39m [0m
[0m[31m[1m>[22m[39m[90m 15 |[39m   [33mWheelchair[39m[33m,[39m [0m
[0m [90m    |[39m   [31m[1m^[22m[39m[0m
[0m [90m 16 |[39m   [33mAlertTriangle[39m[33m,[39m [0m
[0m [90m 17 |[39m   [33mPhone[39m[33m,[39m [0m
[0m [90m 18 |[39m   [33mCalendar[39m[33m,[39m [0m

[Test Mode] ./app/temples/[id]/page.tsx:22:3
Type error: Module '"lucide-react"' has no exported member 'Wheelchair'.

[0m [90m 20 |[39m   [33mHome[39m[33m,[39m [0m
[0m [90m 21 |[39m   [33mUtensils[39m[33m,[39m [0m
[0m[31m[1m>[22m[39m[90m 22 |[39m   [33mWheelchair[39m[33m,[39m [0m
[0m [90m    |[39m   [31m[1m^[22m[39m[0m
[0m [90m 23 |[39m   [33mAlertTriangle[39m[33m,[39m [0m
[0m [90m 24 |[39m   [33mBookMarked[39m[33m,[39m[0m
[0m [90m 25 |[39m   [33mChevronLeft[39m[33m,[39m[0m

[Test Mode] ./app/temples/page.tsx:322:14
Type error: Cannot find name 'Compass'.

[0m [90m 320 |[39m           [33m<[39m[33m/[39m[33mp[39m[33m>[39m[0m
[0m [90m 321 |[39m           [33m<[39m[33mLink[39m href[33m=[39m[32m"/travel-planning"[39m className[33m=[39m[32m"btn-primary"[39m[33m>[39m[0m
[0m[31m[1m>[22m[39m[90m 322 |[39m             [33m<[39m[33mCompass[39m size[33m=[39m{[35m20[39m} [33m/[39m[33m>[39m[0m
[0m [90m     |[39m              [31m[1m^[22m[39m[0m
[0m [90m 323 |[39m             [33mView[39m [33mTravel[39m [33mCircuits[39m[0m
[0m [90m 324 |[39m           [33m<[39m[33m/[39m[33mLink[39m[33m>[39m[0m
[0m [90m 325 |[39m         [33m<[39m[33m/[39m[33mdiv[39m[33m>[39m[0m

===== TS errors =====


Failed to compile.

./app/pilgrim-info/page.tsx:15:3
Type error: Module '"lucide-react"' has no exported member 'Wheelchair'.

[0m [90m 13 |[39m   [33mHome[39m[33m,[39m [0m
[0m [90m 14 |[39m   [33mUtensils[39m[33m,[39m [0m
[0m[31m[1m>[22m[39m[90m 15 |[39m   [33mWheelchair[39m[33m,[39m [0m
[0m [90m    |[39m   [31m[1m^[22m[39m[0m
[0m [90m 16 |[39m   [33mAlertTriangle[39m[33m,[39m [0m
[0m [90m 17 |[39m   [33mPhone[39m[33m,[39m [0m
[0m [90m 18 |[39m   [33mCalendar[39m[33m,[39m [0m
Next.js build worker exited with code: 1 and signal: null
error Command failed with exit code 1.
