yarn run v1.22.22
$ next dev
  ▲ Next.js 14.2.28
  - Local:        http://localhost:3000
  - Environments: .env
  - Experiments (use with caution):
    · outputFileTracingRoot

 ✓ Starting...
Attention: Next.js now collects completely anonymous telemetry regarding usage.
This information is used to shape Next.js' roadmap and prioritize features.
You can learn more, including how to opt-out if you'd not like to participate in this anonymous program, by visiting the following URL:
https://nextjs.org/telemetry


   We detected TypeScript in your project and reconfigured your tsconfig.json file for you. Strict-mode is set to false by default.
   The following suggested values were added to your tsconfig.json. These values can be changed to fit your project's needs:

   	- include was updated to add '.dev/types/**/*.ts'

 ✓ Ready in 1565ms
 ○ Compiling / ...
 ✓ Compiled / in 6s (1194 modules)
 HEAD / 200 in 6212ms
 GET / 200 in 3832ms
 ✓ Compiled in 795ms (593 modules)
 HEAD / 200 in 69ms
 ○ Compiling /temples ...
 ✓ Compiled /temples in 2.9s (1197 modules)
 HEAD /travel-planning 200 in 3084ms
 HEAD /temples 200 in 3014ms
 HEAD /travel-planning 200 in 71ms
 HEAD /travel-planning 200 in 75ms
 ○ Compiling /pilgrim-info ...
 ✓ Compiled /pilgrim-info in 558ms (1223 modules)
 HEAD /travel-planning 200 in 657ms
 HEAD /pilgrim-info 200 in 723ms
 HEAD / 200 in 104ms
 ✓ Compiled /_not-found in 314ms (1226 modules)
 HEAD /bookmarks 404 in 386ms
 HEAD /bookmarks 404 in 335ms
 HEAD /search 404 in 16ms
 ○ Compiling /temples/[id] ...
 ✓ Compiled /temples/[id] in 841ms (1242 modules)
 HEAD /temples/somnath 200 in 1292ms
 HEAD /temples/somnath 200 in 1320ms
 HEAD /temples/mallikarjuna 200 in 71ms
 HEAD /temples/mallikarjuna 200 in 71ms
 HEAD /temples/mahakaleshwar 200 in 65ms
 HEAD /temples/mahakaleshwar 200 in 68ms
 HEAD /temples/omkareshwar 200 in 56ms
 HEAD /temples/omkareshwar 200 in 65ms
 GET /bookmarks 404 in 432ms
 GET /search 404 in 446ms
 GET /temples 200 in 467ms
 GET / 200 in 467ms
 GET /travel-planning 200 in 467ms
 GET /pilgrim-info 200 in 468ms
 GET /temples/mallikarjuna 200 in 456ms
 GET /temples/somnath 200 in 454ms
 GET /temples/mahakaleshwar 200 in 433ms
 GET /temples/omkareshwar 200 in 429ms
 GET /travel-planning 200 in 454ms
 GET /travel-planning 200 in 454ms
 GET /travel-planning 200 in 434ms
 HEAD /temples/kedarnath 200 in 84ms
 HEAD /temples/Not%20available 200 in 85ms
 HEAD /temples/kedarnath 200 in 88ms
 HEAD /temples/kedarnath 200 in 90ms
 HEAD /temples/kedarnath 200 in 133ms
 HEAD /temples/trimbakeshwar 200 in 135ms
 HEAD /temples/bhimashankar 200 in 80ms
 HEAD /temples/vaidyanath 200 in 44ms
 HEAD /temples/kashi-vishwanath 200 in 45ms
 HEAD /temples/nageshwar 200 in 42ms
 HEAD /temples/rameshwaram 200 in 28ms
 HEAD /temples/grishneshwar 200 in 24ms
 GET /temples/kedarnath 200 in 168ms
 GET /temples/nageshwar 200 in 172ms
 GET /temples/kashi-vishwanath 200 in 174ms
 GET /temples/trimbakeshwar 200 in 175ms
 GET /temples/rameshwaram 200 in 174ms
 GET /temples/vaidyanath 200 in 174ms
 GET /temples/Not%20available 200 in 173ms
 GET /temples/grishneshwar 200 in 173ms
 GET /temples/bhimashankar 200 in 172ms
 ✓ Compiled in 1681ms (623 modules)
 ✓ Compiled in 872ms (623 modules)
[?25h
